<?xml version="1.0" encoding="UTF-8"?>
<testsuite xmlns:xsi="http://www.w3.org/2001/XMLSchema-instance" xsi:schemaLocation="https://maven.apache.org/surefire/maven-surefire-plugin/xsd/surefire-test-report.xsd" name="com.qa.automation.stepdefs.RunCukesTest" time="32.143" tests="6" errors="0" skipped="0" failures="2">
  <properties>
    <property name="java.runtime.name" value="Java(TM) SE Runtime Environment"/>
    <property name="java.vm.version" value="11.0.2+9-LTS"/>
    <property name="sun.boot.library.path" value="C:\Program Files\Java\jdk-11.0.2\bin"/>
    <property name="maven.multiModuleProjectDirectory" value="D:\AnujProjectCopy\automationqa\automationqa"/>
    <property name="java.vm.vendor" value="Oracle Corporation"/>
    <property name="java.vendor.url" value="http://java.oracle.com/"/>
    <property name="guice.disable.misplaced.annotation.check" value="true"/>
    <property name="path.separator" value=";"/>
    <property name="java.vm.name" value="Java HotSpot(TM) 64-Bit Server VM"/>
    <property name="sun.os.patch.level" value=""/>
    <property name="user.script" value=""/>
    <property name="user.country" value="US"/>
    <property name="sun.java.launcher" value="SUN_STANDARD"/>
    <property name="java.vm.specification.name" value="Java Virtual Machine Specification"/>
    <property name="user.dir" value="D:\AnujProjectCopy\automationqa\automationqa"/>
    <property name="java.vm.compressedOopsMode" value="32-bit"/>
    <property name="java.runtime.version" value="11.0.2+9-LTS"/>
    <property name="java.awt.graphicsenv" value="sun.awt.Win32GraphicsEnvironment"/>
    <property name="os.arch" value="amd64"/>
    <property name="java.io.tmpdir" value="C:\Users\SAYED~1.HAS\AppData\Local\Temp\"/>
    <property name="line.separator" value="&#10;"/>
    <property name="java.vm.specification.vendor" value="Oracle Corporation"/>
    <property name="user.variant" value=""/>
    <property name="os.name" value="Windows 10"/>
    <property name="classworlds.conf" value="D:\AnujProjectCopy\.metadata\.plugins\org.eclipse.m2e.launching\launches\m2conf9545340039153756325.tmp"/>
    <property name="sun.jnu.encoding" value="Cp1252"/>
    <property name="java.library.path" value="C:\Program Files\Java\jdk-11.0.2\bin;C:\windows\Sun\Java\bin;C:\windows\system32;C:\windows;C:/Program Files/Java/jdk-11.0.2/bin/server;C:/Program Files/Java/jdk-11.0.2/bin;C:\windows\system32;C:\windows;C:\windows\System32\Wbem;C:\windows\System32\WindowsPowerShell\v1.0\;C:\windows\System32\OpenSSH\;C:\Program Files\Java\jdk-11.0.2\bin\;C:\apache-maven-3.6.0-bin\apache-maven-3.6.0\bin\;C:\Program Files\Git\cmd\;C:\Program Files\Git\bin;C:\Program Files\nodejs\;C:\Program Files\dotnet\;C:\Program Files\Microsoft SQL Server\130\Tools\Binn\;C:\Users\sayed.hasni\AppData\Local\Microsoft\WindowsApps;;C:\Users\sayed.hasni\AppData\Local\Programs\Microsoft VS Code\bin;C:\Users\sayed.hasni\AppData\Roaming\npm;D:\Tools\Eclipse\eclipse;;."/>
    <property name="jdk.debug" value="release"/>
    <property name="java.class.version" value="55.0"/>
    <property name="java.specification.name" value="Java Platform API Specification"/>
    <property name="sun.management.compiler" value="HotSpot 64-Bit Tiered Compilers"/>
    <property name="os.version" value="10.0"/>
    <property name="user.home" value="C:\Users\sayed.hasni"/>
    <property name="user.timezone" value="Asia/Calcutta"/>
    <property name="java.awt.printerjob" value="sun.awt.windows.WPrinterJob"/>
    <property name="file.encoding" value="Cp1252"/>
    <property name="java.specification.version" value="11"/>
    <property name="user.name" value="sayed.hasni"/>
    <property name="java.class.path" value="D:\Tools\Eclipse\eclipse\plugins\org.eclipse.m2e.maven.runtime_1.10.0.20181127-2120\jars\plexus-classworlds-2.5.2.jar"/>
    <property name="java.vm.specification.version" value="11"/>
    <property name="sun.arch.data.model" value="64"/>
    <property name="sun.java.command" value="org.codehaus.plexus.classworlds.launcher.Launcher -B test"/>
    <property name="java.home" value="C:\Program Files\Java\jdk-11.0.2"/>
    <property name="user.language" value="en"/>
    <property name="java.specification.vendor" value="Oracle Corporation"/>
    <property name="awt.toolkit" value="sun.awt.windows.WToolkit"/>
    <property name="java.vm.info" value="mixed mode"/>
    <property name="java.version" value="11.0.2"/>
    <property name="java.vendor" value="Oracle Corporation"/>
    <property name="maven.home" value="D:\AnujProjectCopy\automationqa\automationqa\EMBEDDED"/>
    <property name="file.separator" value="\"/>
    <property name="java.version.date" value="2019-01-15"/>
    <property name="java.vendor.url.bug" value="http://bugreport.java.com/bugreport/"/>
    <property name="sun.io.unicode.encoding" value="UnicodeLittle"/>
    <property name="sun.cpu.endian" value="little"/>
    <property name="java.vendor.version" value="18.9"/>
    <property name="sun.desktop" value="windows"/>
    <property name="sun.cpu.isalist" value="amd64"/>
  </properties>
  <testcase name="Given User navigate to url &quot;http://demo.guru99.com/test/radio.html&quot;" classname="Scenario: Verify checkbox is checked" time="0.007"/>
  <testcase name="When User check the &quot;CheckBox&quot; checkbox on &quot;GeneralPage&quot;" classname="Scenario: Verify checkbox is checked" time="0"/>
  <testcase name="Then User verifies &quot;CheckBox&quot; should be &quot;checked&quot; on &quot;GeneralPage&quot;" classname="Scenario: Verify checkbox is checked" time="0"/>
  <testcase name="Then User verifies &quot;CheckBox&quot; should be &quot;checked&quot; on &quot;GeneralPage&quot;" classname="Scenario: Verify checkbox is checked" time="0.013">
    <failure message="Checkbox with name CheckBox is not checked" type="java.lang.AssertionError">java.lang.AssertionError: Checkbox with name CheckBox is not checked
</failure>
    <system-out><![CDATA[selector value reurned is xpath ://*[@value='checkbox1']
2019-03-11 12:55:26 INFO  AssertionsStepDefs:153 - Checkbox with name CheckBox is checked
]]></system-out>
  </testcase>
  <testcase name="Then User uncheck the &quot;CheckBox&quot; checkbox on &quot;GeneralPage&quot;" classname="Scenario: Verify checkbox is checked" time="0"/>
  <testcase name="Scenario: Verify checkbox is checked" classname="Scenario: Verify checkbox is checked" time="0.013">
    <failure message="Checkbox with name CheckBox is not checked" type="java.lang.AssertionError">java.lang.AssertionError: Checkbox with name CheckBox is not checked
</failure>
  </testcase>
</testsuite>