<?xml version="1.0" encoding="UTF-8"?>
<testsuite xmlns:xsi="http://www.w3.org/2001/XMLSchema-instance" xsi:schemaLocation="https://maven.apache.org/surefire/maven-surefire-plugin/xsd/surefire-test-report.xsd" name="com.qa.automation.stepdefs.RunCukesTest" time="32.143" tests="6" errors="0" skipped="0" failures="2">
  <properties>
[...]
</properties>
  <testcase name="Given User navigate to url &quot;http://demo.guru99.com/test/radio.html&quot;" classname="Scenario: Verify checkbox is checked" time="0.007"/>
  <testcase name="When User check the &quot;CheckBox&quot; checkbox on &quot;GeneralPage&quot;" classname="Scenario: Verify checkbox is checked" time="0"/>
  <testcase name="Then User verifies &quot;CheckBox&quot; should be &quot;checked&quot; on &quot;GeneralPage&quot;" classname="Scenario: Verify checkbox is checked" time="0"/>
  <testcase name="Then User verifies &quot;CheckBox&quot; should be &quot;checked&quot; on &quot;GeneralPage&quot;" classname="Scenario: Verify checkbox is checked" time="0.013">
    <failure message="Checkbox with name CheckBox is not checked" type="java.lang.AssertionError">java.lang.AssertionError: Checkbox with name CheckBox is not checked
</failure>
    <system-out><![CDATA[selector value reurned is xpath ://*[@value='checkbox1']
2019-03-11 12:55:26 INFO  AssertionsStepDefs:153 - Checkbox with name CheckBox is checked
]]></system-out>
  </testcase>
  <testcase name="Then User uncheck the &quot;CheckBox&quot; checkbox on &quot;GeneralPage&quot;" classname="Scenario: Verify checkbox is checked" time="0"/>
  <testcase name="Scenario: Verify checkbox is checked" classname="Scenario: Verify checkbox is checked" time="0.013">
    <failure message="Checkbox with name CheckBox is not checked" type="java.lang.AssertionError">java.lang.AssertionError: Checkbox with name CheckBox is not checked
</failure>
  </testcase>
</testsuite>